
extDB3: https://bitbucket.org/torndeco/extdb3/wiki/Home
extDB3: Version: 1.031
extDB3: Windows Version
Message: All development for extDB3 is done on a Linux Dedicated Server
Message: If you would like to Donate to extDB3 Development
Message: https://www.paypal.com/cgi-bin/webscr?cmd=_s-xclick&hosted_button_id=2SUEFTGABTAM2
Message: Also leave a message if there is any particular feature you would like to see added.
Message: Thanks for all the people that have donated.
Message: Torndeco: 18/05/15


extDB3: Found extdb3-conf.ini
extDB3: Detected 8 Cores, Setting up 6 Worker Threads
extDB3: ...
extDB3: ...
extDB3: ...
extDB3: ...
extDB3: ...
extDB3: ...


[16:26:29:222992 +01:00] [Thread 9500] extDB3: MariaDBConnectorException: ProjectTacoma: Plugin https could not be loaded: Das angegebene Modul wurde nicht gefunden.

[16:26:29:317309 +01:00] [Thread 9500] extDB3: SQL_CUSTOM: No Database Connection: ProjectTacoma
[16:26:29:317342 +01:00] [Thread 9500] extDB3: Failed to Load Protocol: SQL_CUSTOM
[16:26:29:330943 +01:00] [Thread 9500] extDB3: Locked
[16:29:11:539195 +01:00] [Thread 9500] extDB3: Error Invalid Format: 9:RESET
[16:29:11:539220 +01:00] [Thread 9500] extDB3: Error Invalid Format: 9:ADD_DATABASE:ProjectTacoma
[16:29:11:539236 +01:00] [Thread 9500] extDB3: Error Invalid Format: 9:ADD_DATABASE_PROTOCOL:ProjectTacoma:SQL_CUSTOM:loadoutquery:project-tacoma.ini
[16:29:11:539244 +01:00] [Thread 9500] extDB3: Error Invalid Format: 9:LOCK:unlock_me
[16:30:53:455505 +01:00] [Thread 9500] extDB3: Error Invalid Format: 9:RESET
[16:30:53:455533 +01:00] [Thread 9500] extDB3: Error Invalid Format: 9:ADD_DATABASE:ProjectTacoma
[16:30:53:455544 +01:00] [Thread 9500] extDB3: Error Invalid Format: 9:ADD_DATABASE_PROTOCOL:ProjectTacoma:SQL_CUSTOM:loadoutquery:project-tacoma.ini
[16:30:53:455551 +01:00] [Thread 9500] extDB3: Error Invalid Format: 9:LOCK:unlock_me
[16:37:03:097106 +01:00] [Thread 9500] extDB3: Error Invalid Format: 9:RESET
[16:37:03:097135 +01:00] [Thread 9500] extDB3: Error Invalid Format: 9:ADD_DATABASE:ProjectTacoma
[16:37:03:097145 +01:00] [Thread 9500] extDB3: Error Invalid Format: 9:ADD_DATABASE_PROTOCOL:ProjectTacoma:SQL_CUSTOM:project-tacomaquery:project-tacoma.ini
[16:37:03:097153 +01:00] [Thread 9500] extDB3: Error Invalid Format: 9:LOCK:unlock_me
