
extDB3: https://bitbucket.org/torndeco/extdb3/wiki/Home
extDB3: Version: 1.031
extDB3: Windows Version
Message: All development for extDB3 is done on a Linux Dedicated Server
Message: If you would like to Donate to extDB3 Development
Message: https://www.paypal.com/cgi-bin/webscr?cmd=_s-xclick&hosted_button_id=2SUEFTGABTAM2
Message: Also leave a message if there is any particular feature you would like to see added.
Message: Thanks for all the people that have donated.
Message: Torndeco: 18/05/15


extDB3: Found extdb3-conf.ini
extDB3: Detected 8 Cores, Setting up 6 Worker Threads
extDB3: ...
extDB3: ...
extDB3: ...
extDB3: ...
extDB3: ...
extDB3: ...


[16:51:21:136390 +01:00] [Thread 15176] extDB3: Locked
[17:09:24:223979 +01:00] [Thread 15176] extDB3: Error Invalid Format: 9:RESET
[17:09:24:224007 +01:00] [Thread 15176] extDB3: Error Invalid Format: 9:ADD_DATABASE:ProjectTacoma
[17:09:24:224023 +01:00] [Thread 15176] extDB3: Error Invalid Format: 9:ADD_DATABASE_PROTOCOL:ProjectTacoma:SQL_CUSTOM:sql:tacoma.ini
[17:09:24:224031 +01:00] [Thread 15176] extDB3: Error Invalid Format: 9:LOCK:unlock_me
[17:11:46:300293 +01:00] [Thread 15176] extDB3: Error Invalid Format: 9:RESET
[17:11:46:300322 +01:00] [Thread 15176] extDB3: Error Invalid Format: 9:ADD_DATABASE:ProjectTacoma
[17:11:46:300333 +01:00] [Thread 15176] extDB3: Error Invalid Format: 9:ADD_DATABASE_PROTOCOL:ProjectTacoma:SQL_CUSTOM:sql:tacoma.ini
[17:11:46:300340 +01:00] [Thread 15176] extDB3: Error Invalid Format: 9:LOCK:unlock_me
[17:14:40:659394 +01:00] [Thread 15176] extDB3: Error Invalid Format: 9:RESET
[17:14:40:659422 +01:00] [Thread 15176] extDB3: Error Invalid Format: 9:ADD_DATABASE:ProjectTacoma:ProjectTacoma
[17:14:40:659432 +01:00] [Thread 15176] extDB3: Error Invalid Format: 9:ADD_DATABASE_PROTOCOL:ProjectTacoma:SQL_CUSTOM:sql:tacoma.ini
[17:14:40:659440 +01:00] [Thread 15176] extDB3: Error Invalid Format: 9:LOCK:unlock_me
[17:29:00:065726 +01:00] [Thread 15176] extDB3: Error Invalid Format: 9:RESET
[17:29:00:065770 +01:00] [Thread 15176] extDB3: Error Invalid Format: 9:ADD_DATABASE:ProjectTacoma
[17:29:00:065786 +01:00] [Thread 15176] extDB3: Error Invalid Format: 9:LOCK
[17:34:21:409977 +01:00] [Thread 15176] extDB3: Error Invalid Format: 9:RESET
[17:34:21:410009 +01:00] [Thread 15176] extDB3: Error Invalid Format: 9:ADD_DATABASE:Tacoma
[17:34:21:410025 +01:00] [Thread 15176] extDB3: Error Invalid Format: 9:LOCK
