
extDB3: https://bitbucket.org/torndeco/extdb3/wiki/Home
extDB3: Version: 1.031
extDB3: Windows Version
Message: All development for extDB3 is done on a Linux Dedicated Server
Message: If you would like to Donate to extDB3 Development
Message: https://www.paypal.com/cgi-bin/webscr?cmd=_s-xclick&hosted_button_id=2SUEFTGABTAM2
Message: Also leave a message if there is any particular feature you would like to see added.
Message: Thanks for all the people that have donated.
Message: Torndeco: 18/05/15


extDB3: Found extdb3-conf.ini
extDB3: Detected 8 Cores, Setting up 6 Worker Threads
extDB3: ...
extDB3: ...
extDB3: ...
extDB3: ...
extDB3: ...
extDB3: ...


[19:42:50:539075 +01:00] [Thread 19004] extDB3: SQL_CUSTOM Config Error: Section Default Unknown Setting: Number of Retrys
[19:42:50:539123 +01:00] [Thread 19004] extDB3: Failed to Load Protocol: SQL_CUSTOM
[19:43:01:601544 +01:00] [Thread 19004] extDB3: SQL: Initialized: NULL = ""
[19:43:16:449768 +01:00] [Thread 19004] extDB3: SQL: Error MariaDBQueryException: You have an error in your SQL syntax; check the manual that corresponds to your MariaDB server version for the right syntax to use near 'savePlayer:flaver:_SP_PLAYER_' at line 1
[19:43:16:449796 +01:00] [Thread 19004] extDB3: SQL: Error MariaDBQueryException: Input: savePlayer:flaver:_SP_PLAYER_
[19:44:13:768553 +01:00] [Thread 19004] extDB3: SQL: Error MariaDBQueryException: You have an error in your SQL syntax; check the manual that corresponds to your MariaDB server version for the right syntax to use near 'savePlayer:flaver:76561198039885253' at line 1
[19:44:13:768578 +01:00] [Thread 19004] extDB3: SQL: Error MariaDBQueryException: Input: savePlayer:flaver:76561198039885253
[19:45:10:699317 +01:00] [Thread 19004] extDB3: Error Protocol Name Already Taken: sql
[19:45:22:833344 +01:00] [Thread 19004] extDB3: Error Protocol Name Already Taken: sql
[19:45:24:016922 +01:00] [Thread 19004] extDB3: Error Protocol Name Already Taken: sql
[19:45:24:366762 +01:00] [Thread 19004] extDB3: Error Protocol Name Already Taken: sql
[19:45:24:599077 +01:00] [Thread 19004] extDB3: Error Protocol Name Already Taken: sql
[19:45:24:767315 +01:00] [Thread 19004] extDB3: Error Protocol Name Already Taken: sql
[19:45:36:099458 +01:00] [Thread 19004] extDB3: SQL_CUSTOM Config Error: Section Default Unknown Setting: Number of Retrys
[19:45:36:099502 +01:00] [Thread 19004] extDB3: Failed to Load Protocol: SQL_CUSTOM
[19:48:25:069069 +01:00] [Thread 19004] extDB3: SQL: Error MariaDBQueryException: You have an error in your SQL syntax; check the manual that corresponds to your MariaDB server version for the right syntax to use near 'savePlayer:flaver:76561198039885253' at line 1
[19:48:25:069115 +01:00] [Thread 19004] extDB3: SQL: Error MariaDBQueryException: Input: savePlayer:flaver:76561198039885253
