
extDB3: https://bitbucket.org/torndeco/extdb3/wiki/Home
extDB3: Version: 1.031
extDB3: Windows Version
Message: All development for extDB3 is done on a Linux Dedicated Server
Message: If you would like to Donate to extDB3 Development
Message: https://www.paypal.com/cgi-bin/webscr?cmd=_s-xclick&hosted_button_id=2SUEFTGABTAM2
Message: Also leave a message if there is any particular feature you would like to see added.
Message: Thanks for all the people that have donated.
Message: Torndeco: 18/05/15


extDB3: Found extdb3-conf.ini
extDB3: Detected 8 Cores, Setting up 6 Worker Threads
extDB3: ...
extDB3: ...
extDB3: ...
extDB3: ...
extDB3: ...
extDB3: ...


[20:41:58:014285 +01:00] [Thread 17548] extDB3: Locked
[20:41:58:047652 +01:00] [Thread 17548] extDB3: SQL: Error MariaDBQueryException: You have an error in your SQL syntax; check the manual that corresponds to your MySQL server version for the right syntax to use near '?, ?)' at line 1
[20:41:58:047700 +01:00] [Thread 17548] extDB3: SQL: Error MariaDBQueryException: Input: savePlayer:flaver:_SP_PLAYER_
[20:42:54:987103 +01:00] [Thread 17548] extDB3: SQL: Error MariaDBQueryException: You have an error in your SQL syntax; check the manual that corresponds to your MySQL server version for the right syntax to use near '?, ?)' at line 1
[20:42:54:987142 +01:00] [Thread 17548] extDB3: SQL: Error MariaDBQueryException: Input: savePlayer:flaver:_SP_PLAYER_
[20:44:15:487919 +01:00] [Thread 17548] extDB3: SQL: Error MariaDBQueryException: You have an error in your SQL syntax; check the manual that corresponds to your MySQL server version for the right syntax to use near '?, ?)' at line 1
[20:44:15:487951 +01:00] [Thread 17548] extDB3: SQL: Error MariaDBQueryException: Input: savePlayer:flaver:76561198039885253
[20:44:25:425863 +01:00] [Thread 17548] extDB3: SQL: Error MariaDBQueryException: You have an error in your SQL syntax; check the manual that corresponds to your MySQL server version for the right syntax to use near '?, ?)' at line 1
[20:44:25:425889 +01:00] [Thread 17548] extDB3: SQL: Error MariaDBQueryException: Input: savePlayer:flaver:76561198039885253
[20:46:53:285999 +01:00] [Thread 17548] extDB3: SQL: Error MariaDBQueryException: You have an error in your SQL syntax; check the manual that corresponds to your MySQL server version for the right syntax to use near '?, ?)' at line 1
[20:46:53:286045 +01:00] [Thread 17548] extDB3: SQL: Error MariaDBQueryException: Input: savePlayer:flaver:76561198039885253
[20:47:03:637843 +01:00] [Thread 17548] extDB3: SQL: Error MariaDBQueryException: You have an error in your SQL syntax; check the manual that corresponds to your MySQL server version for the right syntax to use near '?, ?)' at line 1
[20:47:03:637872 +01:00] [Thread 17548] extDB3: SQL: Error MariaDBQueryException: Input: savePlayer:flaver:76561198039885253
